<?xml version="1.0" encoding="UTF-8"?>
<testsuite xmlns:xsi="http://www.w3.org/2001/XMLSchema-instance" xsi:noNamespaceSchemaLocation="https://maven.apache.org/surefire/maven-surefire-plugin/xsd/surefire-test-report.xsd" version="3.0.2" name="org.springframework.samples.petclinic.owner.PetControllerTests$ProcessCreationFormHasErrors" time="0.162" tests="5" errors="0" skipped="0" failures="0">
  <properties>
[...]
</properties>
  <testcase name="testProcessCreationFormWithBlankName" classname="org.springframework.samples.petclinic.owner.PetControllerTests$ProcessCreationFormHasErrors" time="0.025">
    <system-out><![CDATA[2025-04-25T22:15:26.019Z  INFO 46280 --- [           main] t.c.s.AnnotationConfigContextLoaderUtils : Could not detect default configuration classes for test class [org.springframework.samples.petclinic.owner.PetControllerTests$ProcessCreationFormHasErrors]: ProcessCreationFormHasErrors does not declare any static, non-private, non-final, nested classes annotated with @Configuration.
2025-04-25T22:15:26.041Z  INFO 46280 --- [           main] .b.t.c.SpringBootTestContextBootstrapper : Found @SpringBootConfiguration org.springframework.samples.petclinic.PetClinicApplication for test class org.springframework.samples.petclinic.owner.PetControllerTests$ProcessCreationFormHasErrors
]]></system-out>
  </testcase>
  <testcase name="testInitUpdateForm" classname="org.springframework.samples.petclinic.owner.PetControllerTests$ProcessCreationFormHasErrors" time="0.021"/>
  <testcase name="testProcessCreationFormWithMissingPetType" classname="org.springframework.samples.petclinic.owner.PetControllerTests$ProcessCreationFormHasErrors" time="0.022"/>
  <testcase name="testProcessCreationFormWithDuplicateName" classname="org.springframework.samples.petclinic.owner.PetControllerTests$ProcessCreationFormHasErrors" time="0.023"/>
  <testcase name="testProcessCreationFormWithInvalidBirthDate" classname="org.springframework.samples.petclinic.owner.PetControllerTests$ProcessCreationFormHasErrors" time="0.024"/>
</testsuite>